2025-09-05 14:54:41,096 - api - INFO - API Call: GET /api/resources/999 (14.57ms)
2025-09-05 14:54:50,678 - api - INFO - API Call: GET /api/invalid-endpoint (0.22ms)
2025-09-05 14:54:56,965 - api - INFO - API Call: POST /api/resources/ (0.52ms)
2025-09-05 14:55:07,979 - api - INFO - API Call: GET /api/resources/999 (1.32ms)
2025-09-05 14:55:43,049 - api - INFO - API Call: GET /api/resources/ (2.17ms)
2025-09-05 14:57:03,497 - api - INFO - API Call: GET /api/resources/list (0.63ms)
2025-09-05 14:57:10,073 - api - INFO - API Call: GET /api/resources/1 (1.29ms)
2025-09-05 14:57:24,282 - api - INFO - API Call: GET /api/resources/1 (1.23ms)
2025-09-05 14:57:31,712 - api - INFO - API Call: GET /api/resources/999 (1.24ms)
2025-09-05 14:57:54,006 - api - INFO - API Call: GET /api/resources/999 (1.17ms)
2025-09-05 14:58:01,094 - api - INFO - API Call: POST /api/resources/ (0.43ms)
2025-09-05 14:58:12,362 - api - INFO - API Call: POST /api/resources/ (0.40ms)
2025-09-05 14:58:18,592 - api - INFO - API Call: GET /api/resources/list (0.61ms)
2025-09-05 14:58:56,725 - api - INFO - API Call: POST /api/v1/auth/demo-user (2.60ms)
2025-09-05 14:59:56,078 - api - INFO - API Call: GET /api/resources/list (0.72ms)
2025-09-05 15:00:24,303 - api - INFO - API Call: GET /api/resources/list (15.45ms)
2025-09-05 15:01:33,632 - api - INFO - API Call: GET /api/resources/list (14.93ms)
2025-09-05 15:01:39,248 - api - INFO - API Call: GET /api/resources/1 (2.12ms)
2025-09-05 15:02:13,345 - api - INFO - API Call: GET /api/resources/999 (1.12ms)
2025-09-05 15:02:26,772 - api - INFO - API Call: GET /api/resources/999 (1.20ms)
2025-09-05 15:02:33,428 - api - INFO - API Call: GET /api/resources/1 (1.28ms)
2025-09-05 15:02:45,555 - api - INFO - API Call: GET /api/resources/1 (1.32ms)
2025-09-05 15:03:02,079 - api - INFO - API Call: GET /api/reservations/ (0.18ms)
2025-09-05 15:03:09,427 - api - INFO - API Call: GET /api/auth/demo-user (0.18ms)
2025-09-05 15:07:36,770 - api - INFO - API Call: GET /api/settings/ (2.16ms)
2025-09-05 15:07:36,820 - api - INFO - API Call: GET /api/v1/ai/config (2.18ms)
2025-09-05 15:07:36,868 - api - INFO - API Call: GET /api/voice-config/config (0.28ms)
2025-09-05 15:07:46,581 - api - INFO - API Call: POST /api/chat/ (0.17ms)
2025-09-05 15:08:10,951 - api - INFO - API Call: POST /api/chat/ (0.22ms)
2025-09-05 15:09:10,052 - api - INFO - API Call: POST /api/chat (0.16ms)
2025-09-05 15:09:35,065 - api - INFO - API Call: POST /api/v1/chat/ (31.10ms)
2025-09-05 15:10:18,253 - api - INFO - API Call: POST /api/v1/chat/ (38.57ms)
2025-09-05 15:10:31,536 - api - INFO - API Call: POST /api/v1/chat/ (22.71ms)
2025-09-05 15:12:39,236 - api - INFO - API Call: POST /api/v1/chat/ (41.29ms)
2025-09-05 15:12:43,666 - api - INFO - API Call: GET /api/reservations/ (0.17ms)
2025-09-05 15:12:43,716 - api - INFO - API Call: GET /api/reservations/ (0.17ms)
2025-09-05 15:12:45,130 - api - INFO - API Call: GET /api/notifications (2.11ms)
2025-09-05 15:12:45,171 - api - INFO - API Call: GET /api/notifications (0.29ms)
2025-09-05 15:12:45,193 - api - INFO - API Call: GET /api/notifications/unread-count (0.36ms)
2025-09-05 15:12:45,219 - api - INFO - API Call: GET /api/notifications/stats (0.28ms)
2025-09-05 15:12:45,846 - api - INFO - API Call: GET /api/reports/quick-stats (0.64ms)
2025-09-05 15:12:45,867 - api - INFO - API Call: GET /api/reports/statistics (21.12ms)
2025-09-05 15:12:47,080 - api - INFO - API Call: GET /api/settings/ (0.27ms)
2025-09-05 15:12:47,124 - api - INFO - API Call: GET /api/v1/ai/config (2.20ms)
2025-09-05 15:12:47,171 - api - INFO - API Call: GET /api/voice-config/config (0.28ms)
2025-09-05 15:12:47,819 - api - INFO - API Call: GET /api/reservations/ (0.22ms)
2025-09-05 15:12:47,871 - api - INFO - API Call: GET /api/reservations/ (0.21ms)
2025-09-05 15:14:39,481 - api - INFO - API Call: GET /api/notifications/stats (0.41ms)
2025-09-05 15:14:45,364 - api - INFO - API Call: GET /api/reports/quick-stats (1.01ms)
2025-09-05 15:15:12,368 - api - INFO - API Call: GET /api/v1/reservations/ (14.49ms)
2025-09-05 15:15:12,429 - api - INFO - API Call: GET /api/v1/reservations/ (6.06ms)
2025-09-05 15:15:12,490 - api - INFO - API Call: GET /api/v1/reservations/ (5.89ms)
2025-09-05 15:15:12,560 - api - INFO - API Call: GET /api/v1/reservations/ (5.84ms)
2025-09-05 15:18:40,235 - api - INFO - API Call: GET /api/v1/reservations/ (4.91ms)
2025-09-05 15:18:46,278 - api - INFO - API Call: GET /api/notifications/stats (0.24ms)
2025-09-05 15:19:24,502 - api - INFO - API Call: POST /api/auth/token (0.27ms)
2025-09-05 15:19:30,837 - api - INFO - API Call: POST /api/auth/demo-user (0.23ms)
2025-09-05 15:19:43,030 - api - INFO - API Call: POST /api/v1/auth/demo-user (1.66ms)
2025-09-05 15:20:00,220 - api - INFO - API Call: POST /api/v1/auth/token (3.33ms)
2025-09-05 15:21:46,100 - api - INFO - API Call: POST /api/v1/auth/token (3.96ms)
2025-09-05 15:21:51,583 - api - INFO - API Call: POST /api/v1/auth/token (1.71ms)
2025-09-05 15:21:57,936 - api - INFO - API Call: GET /api/notifications/stats (1.86ms)
2025-09-05 15:22:04,427 - api - INFO - API Call: GET /api/notifications/stats (1.86ms)
2025-09-05 15:22:11,437 - api - INFO - API Call: GET /api/reports/summary (0.95ms)
2025-09-05 15:22:29,309 - api - INFO - API Call: GET /api/reports/statistics (27.96ms)
2025-09-05 15:22:38,544 - api - INFO - API Call: GET /api/settings/ (3.44ms)
2025-09-05 15:25:00,183 - api - INFO - API Call: GET /api/v1/reservations/ (12.07ms)
2025-09-05 15:25:00,268 - api - INFO - API Call: GET /api/v1/reservations/ (5.84ms)
2025-09-05 15:25:01,069 - api - INFO - API Call: GET /api/notifications/ (0.80ms)
2025-09-05 15:25:01,111 - api - INFO - API Call: GET /api/notifications/ (0.86ms)
2025-09-05 15:25:01,133 - api - INFO - API Call: GET /api/notifications/unread-count (0.88ms)
2025-09-05 15:25:01,156 - api - INFO - API Call: GET /api/notifications/stats (0.79ms)
2025-09-05 15:25:07,881 - api - INFO - API Call: GET /api/notifications/ (0.88ms)
2025-09-05 15:25:07,930 - api - INFO - API Call: GET /api/notifications/stats (0.87ms)
2025-09-05 15:25:09,837 - api - INFO - API Call: GET /api/reports/quick-stats (1.67ms)
2025-09-05 15:25:09,858 - api - INFO - API Call: GET /api/reports/statistics (21.98ms)
2025-09-05 15:25:11,613 - api - INFO - API Call: GET /api/settings/ (0.87ms)
2025-09-05 15:25:11,662 - api - INFO - API Call: GET /api/v1/ai/config (2.29ms)
2025-09-05 15:25:11,706 - api - INFO - API Call: GET /api/voice-config/config (0.31ms)
2025-09-05 15:25:12,485 - api - INFO - API Call: GET /api/reports/statistics (1.01ms)
2025-09-05 15:25:12,506 - api - INFO - API Call: GET /api/reports/quick-stats (22.63ms)
2025-09-05 15:26:38,172 - api - INFO - API Call: POST /api/auth/login (0.21ms)
2025-09-05 15:26:53,350 - api - INFO - API Call: POST /api/auth/token (0.21ms)
2025-09-05 15:27:05,844 - api - INFO - API Call: POST /api/v1/auth/token (1.67ms)
2025-09-05 15:27:37,460 - api - INFO - API Call: POST /api/auth/token (17.22ms)
2025-09-05 15:27:44,917 - api - INFO - API Call: GET /api/reports/quick-stats (55.49ms)
2025-09-05 15:27:57,250 - api - INFO - API Call: GET /api/reports/quick-stats (44.80ms)
2025-09-05 15:28:07,695 - api - INFO - API Call: GET /api/reports/statistics (1.35ms)
2025-09-05 15:28:07,715 - api - INFO - API Call: GET /api/reports/quick-stats (17.71ms)
2025-09-05 15:28:19,513 - api - INFO - API Call: GET /api/reports/quick-stats (1.91ms)
2025-09-05 15:28:19,534 - api - INFO - API Call: GET /api/reports/statistics (18.24ms)
2025-09-05 15:28:27,865 - api - INFO - API Call: GET /api/reports/quick-stats (1.35ms)
2025-09-05 15:28:27,885 - api - INFO - API Call: GET /api/reports/statistics (15.66ms)
2025-09-05 15:31:26,488 - api - INFO - API Call: GET /api/reports/quick-stats (2.01ms)
2025-09-05 15:31:26,508 - api - INFO - API Call: GET /api/reports/statistics (19.89ms)
2025-09-05 15:31:45,433 - api - INFO - API Call: POST /api/auth/token (2.08ms)
2025-09-05 15:31:47,116 - api - INFO - API Call: GET /api/reports/quick-stats (60.35ms)
2025-09-05 15:31:47,136 - api - INFO - API Call: GET /api/reports/statistics (80.42ms)
2025-09-05 15:31:52,133 - api - INFO - API Call: GET /api/reports/export/excel (2.02ms)
2025-09-05 15:34:49,750 - api - INFO - API Call: GET /api/settings/ (5.74ms)
2025-09-05 15:34:49,800 - api - INFO - API Call: GET /api/v1/ai/config (2.18ms)
2025-09-05 15:34:49,846 - api - INFO - API Call: GET /api/voice-config/config (0.95ms)
2025-09-05 15:37:31,198 - api - INFO - API Call: POST /api/auth/token (17.01ms)
2025-09-05 15:37:37,864 - api - INFO - API Call: GET /api/reports/export/excel (2.30ms)
2025-09-05 15:39:13,597 - api - INFO - API Call: GET /api/reports/export/excel (1.90ms)
2025-09-05 15:39:54,067 - api - INFO - API Call: GET /api/reports/export/excel (1.87ms)
2025-09-05 15:40:24,299 - api - INFO - API Call: GET /api/reports/export/excel (1.96ms)
2025-09-05 15:44:05,970 - api - INFO - API Call: GET /api/reports/export/excel (0.88ms)
2025-09-05 15:44:12,268 - api - INFO - API Call: POST /api/auth/token (1.83ms)
2025-09-05 15:44:29,639 - api - INFO - API Call: POST /api/auth/token (1.66ms)
2025-09-05 15:44:36,309 - api - INFO - API Call: GET /api/reports/export/excel (1.92ms)
2025-09-05 15:45:35,693 - api - INFO - API Call: POST /api/auth/token (17.01ms)
2025-09-05 15:45:42,878 - api - INFO - API Call: GET /api/reports/export/excel (109.10ms)
2025-09-05 15:46:44,652 - api - INFO - API Call: GET /api/reports/export/excel (39.14ms)
2025-09-05 15:47:08,218 - api - INFO - API Call: POST /api/auth/token (17.04ms)
2025-09-05 15:47:08,355 - api - INFO - API Call: GET /api/reports/export/excel (110.59ms)
2025-09-05 15:50:09,065 - api - INFO - API Call: GET /api/reports/quick-stats (75.04ms)
2025-09-05 15:50:09,086 - api - INFO - API Call: GET /api/reports/statistics (92.83ms)
2025-09-05 15:50:10,709 - api - INFO - API Call: GET /api/reports/export/excel (37.88ms)
2025-09-05 16:00:13,102 - api - INFO - API Call: GET /api/reports/statistics (63.73ms)
2025-09-05 16:00:13,123 - api - INFO - API Call: GET /api/reports/quick-stats (79.91ms)
2025-09-05 16:00:20,678 - api - INFO - API Call: GET /api/reports/quick-stats (63.00ms)
2025-09-05 16:00:20,699 - api - INFO - API Call: GET /api/reports/statistics (78.37ms)
2025-09-05 16:01:13,744 - api - INFO - API Call: GET /api/reports/statistics (59.93ms)
2025-09-05 16:01:13,764 - api - INFO - API Call: GET /api/reports/quick-stats (81.44ms)
2025-09-05 16:01:26,673 - api - INFO - API Call: GET /api/reports/statistics (61.37ms)
2025-09-05 16:01:26,694 - api - INFO - API Call: GET /api/reports/quick-stats (77.05ms)
2025-09-05 16:01:35,513 - api - INFO - API Call: GET /api/reports/quick-stats (46.54ms)
2025-09-05 16:01:35,550 - api - INFO - API Call: GET /api/reports/statistics (33.44ms)
2025-09-05 16:01:56,243 - api - INFO - API Call: GET /api/auth/me (1.00ms)
2025-09-05 16:02:06,961 - api - INFO - API Call: GET /api/auth/me (0.84ms)
2025-09-05 16:02:18,022 - api - INFO - API Call: GET /api/auth/me (0.79ms)
2025-09-05 16:09:55,850 - api - INFO - API Call: POST /api/auth/register (28.71ms)
2025-09-05 16:10:02,990 - api - INFO - API Call: POST /api/auth/token (3.65ms)
2025-09-05 16:10:05,781 - api - INFO - API Call: GET /api/auth/me (1.96ms)
2025-09-05 16:10:18,777 - api - INFO - API Call: POST /api/auth/token (2.21ms)
2025-09-05 16:10:25,234 - api - INFO - API Call: GET /api/settings/ (2.66ms)
2025-09-05 16:10:25,287 - api - INFO - API Call: GET /api/v1/ai/config (2.19ms)
2025-09-05 16:10:25,427 - api - INFO - API Call: GET /api/voice-config/config (0.97ms)
2025-09-05 16:11:42,589 - api - INFO - API Call: GET /api/reports/statistics (81.70ms)
2025-09-05 16:11:42,610 - api - INFO - API Call: GET /api/reports/quick-stats (97.08ms)
2025-09-05 16:11:44,823 - api - INFO - API Call: GET /api/settings/ (2.13ms)
2025-09-05 16:11:44,871 - api - INFO - API Call: GET /api/v1/ai/config (1.78ms)
2025-09-05 16:11:44,921 - api - INFO - API Call: GET /api/voice-config/config (0.96ms)
2025-09-05 16:12:12,396 - api - INFO - API Call: POST /api/voice-config/test-connection (0.98ms)
2025-09-05 16:12:13,112 - api - INFO - API Call: POST /api/voice-config/config (0.94ms)
2025-09-05 16:12:13,999 - api - INFO - API Call: POST /api/voice-config/config (0.94ms)
2025-09-05 16:19:22,486 - api - INFO - API Call: GET /api/settings/ (17.57ms)
2025-09-05 16:19:22,521 - api - INFO - API Call: GET /api/v1/ai/config (2.30ms)
2025-09-05 16:19:22,550 - api - INFO - API Call: GET /api/voice-config/config (1.00ms)
2025-09-05 16:19:33,135 - api - INFO - API Call: GET /api/notifications/ (1.89ms)
2025-09-05 16:19:33,178 - api - INFO - API Call: GET /api/notifications/ (2.00ms)
2025-09-05 16:19:33,201 - api - INFO - API Call: GET /api/notifications/unread-count (1.77ms)
2025-09-05 16:19:33,226 - api - INFO - API Call: GET /api/notifications/stats (1.86ms)
2025-09-05 16:19:34,447 - api - INFO - API Call: GET /api/v1/reservations/ (5.57ms)
2025-09-05 16:19:34,493 - api - INFO - API Call: GET /api/v1/reservations/ (1.68ms)
2025-09-05 16:19:35,100 - api - INFO - API Call: GET /api/reports/quick-stats (78.81ms)
2025-09-05 16:19:35,121 - api - INFO - API Call: GET /api/reports/statistics (98.96ms)
2025-09-05 16:19:41,043 - api - INFO - API Call: GET /api/settings/ (1.96ms)
2025-09-05 16:19:41,089 - api - INFO - API Call: GET /api/v1/ai/config (1.72ms)
2025-09-05 16:19:41,134 - api - INFO - API Call: GET /api/voice-config/config (0.90ms)
2025-09-05 16:20:13,425 - api - INFO - API Call: POST /api/voice-config/test-connection (0.97ms)
2025-09-05 16:20:14,576 - api - INFO - API Call: POST /api/voice-config/config (0.91ms)
2025-09-05 16:22:27,561 - api - INFO - API Call: GET /api/settings/ (17.54ms)
2025-09-05 16:22:27,608 - api - INFO - API Call: GET /api/v1/ai/config (2.22ms)
2025-09-05 16:22:27,655 - api - INFO - API Call: GET /api/voice-config/config (0.92ms)
2025-09-05 16:22:38,269 - api - INFO - API Call: POST /api/voice-config/test-connection (0.92ms)
2025-09-05 16:22:38,990 - api - INFO - API Call: POST /api/voice-config/config (0.93ms)
2025-09-05 16:22:40,115 - api - INFO - API Call: POST /api/voice-config/config (0.92ms)
2025-09-05 16:22:59,382 - api - INFO - API Call: POST /api/v1/chat/ (47.63ms)
2025-09-05 16:23:01,746 - api - INFO - API Call: GET /api/v1/reservations/ (6.37ms)
2025-09-05 16:23:01,815 - api - INFO - API Call: GET /api/v1/reservations/ (2.66ms)
2025-09-05 16:23:02,534 - api - INFO - API Call: GET /api/settings/ (2.10ms)
2025-09-05 16:23:02,585 - api - INFO - API Call: GET /api/v1/ai/config (1.72ms)
2025-09-05 16:23:02,629 - api - INFO - API Call: GET /api/voice-config/config (0.95ms)
2025-09-05 16:23:46,864 - api - INFO - API Call: GET /api/settings/ (18.08ms)
2025-09-05 16:23:46,910 - api - INFO - API Call: GET /api/v1/ai/config (2.58ms)
2025-09-05 16:23:46,957 - api - INFO - API Call: GET /api/voice-config/config (2.48ms)
2025-09-05 16:23:49,546 - api - INFO - API Call: POST /api/voice-config/config (8.56ms)
2025-09-05 16:23:50,734 - api - INFO - API Call: GET /api/voice-config/config (0.80ms)
2025-09-05 16:23:51,109 - api - INFO - API Call: POST /api/voice-config/test-connection (2.65ms)
2025-09-05 16:24:15,387 - api - INFO - API Call: POST /api/voice-config/test-connection (1.94ms)
2025-09-05 16:24:16,560 - api - INFO - API Call: POST /api/voice-config/config (8.79ms)
2025-09-05 16:28:58,957 - api - INFO - API Call: GET /api/voice-config/config (1.05ms)
2025-09-05 16:29:16,047 - api - INFO - API Call: POST /api/auth/demo-user (3.80ms)
2025-09-05 16:29:22,377 - api - INFO - API Call: POST /api/auth/register (11.58ms)
2025-09-05 16:29:28,636 - api - INFO - API Call: POST /api/auth/token (4.07ms)
2025-09-05 16:29:36,049 - api - INFO - API Call: POST /api/auth/login (1.82ms)
2025-09-05 16:29:45,915 - api - INFO - API Call: GET /api/voice-config/config (3.14ms)
2025-09-05 16:30:02,829 - api - INFO - API Call: GET /api/voice-config/config (2.29ms)
2025-09-05 16:38:48,350 - api - INFO - API Call: GET /api/settings/ (2.43ms)
2025-09-05 16:38:48,399 - api - INFO - API Call: GET /api/v1/ai/config (2.15ms)
2025-09-05 16:38:48,444 - api - INFO - API Call: GET /api/voice-config/config (2.21ms)
2025-09-05 16:43:38,156 - api - INFO - API Call: POST /api/v1/chat/ (0.29ms)
2025-09-05 16:43:45,709 - api - INFO - API Call: POST /api/v1/chat/ (0.27ms)
2025-09-05 16:43:49,307 - api - INFO - API Call: POST /api/v1/chat/ (0.32ms)
2025-09-05 16:44:25,416 - api - INFO - API Call: GET /api/v1/reservations/ (0.29ms)
2025-09-05 16:44:25,463 - api - INFO - API Call: GET /api/v1/reservations/ (0.28ms)
2025-09-05 16:46:49,152 - api - INFO - API Call: GET /api/v1/reservations/ (0.22ms)
2025-09-05 16:46:49,201 - api - INFO - API Call: GET /api/v1/reservations/ (0.22ms)
2025-09-05 16:46:51,109 - api - INFO - API Call: GET /api/notifications/ (2.51ms)
2025-09-05 16:46:51,154 - api - INFO - API Call: GET /api/notifications/ (0.85ms)
2025-09-05 16:46:51,177 - api - INFO - API Call: GET /api/notifications/unread-count (0.99ms)
2025-09-05 16:46:51,202 - api - INFO - API Call: GET /api/notifications/stats (1.20ms)
2025-09-05 16:46:51,974 - api - INFO - API Call: GET /api/v1/reservations/ (0.22ms)
2025-09-05 16:46:52,020 - api - INFO - API Call: GET /api/v1/reservations/ (0.22ms)
2025-09-05 16:46:54,397 - api - INFO - API Call: GET /api/auth/me (0.85ms)
2025-09-05 16:47:01,026 - api - INFO - API Call: POST /api/auth/token (4.05ms)
2025-09-05 16:47:08,986 - api - INFO - API Call: GET /api/settings/ (2.84ms)
2025-09-05 16:47:09,033 - api - INFO - API Call: GET /api/v1/ai/config (2.64ms)
2025-09-05 16:47:09,080 - api - INFO - API Call: GET /api/voice-config/config (2.58ms)
2025-09-05 16:47:16,533 - api - INFO - API Call: PUT /api/settings/ (19.82ms)
2025-09-05 17:11:45,228 - api - INFO - API Call: GET /api/v1/reservations/ (0.35ms)
2025-09-05 17:11:45,275 - api - INFO - API Call: GET /api/v1/reservations/ (0.26ms)
2025-09-05 17:11:48,124 - api - INFO - API Call: GET /api/v1/reservations/ (0.29ms)
2025-09-05 17:11:48,169 - api - INFO - API Call: GET /api/v1/reservations/ (0.23ms)
2025-09-05 17:11:49,970 - api - INFO - API Call: GET /api/notifications/ (6.15ms)
2025-09-05 17:11:50,017 - api - INFO - API Call: GET /api/notifications/ (3.69ms)
2025-09-05 17:11:50,037 - api - INFO - API Call: GET /api/notifications/unread-count (23.05ms)
2025-09-05 17:11:50,066 - api - INFO - API Call: GET /api/notifications/stats (1.98ms)
2025-09-05 17:11:50,875 - api - INFO - API Call: GET /api/reports/quick-stats (82.18ms)
2025-09-05 17:11:50,895 - api - INFO - API Call: GET /api/reports/statistics (101.15ms)
2025-09-05 17:11:52,182 - api - INFO - API Call: GET /api/settings/ (2.98ms)
2025-09-05 17:11:52,232 - api - INFO - API Call: GET /api/v1/ai/config (2.19ms)
2025-09-05 17:11:52,279 - api - INFO - API Call: GET /api/voice-config/config (2.64ms)
2025-09-05 17:11:53,021 - api - INFO - API Call: GET /api/logs/stats/ (0.25ms)
2025-09-05 17:11:53,055 - api - INFO - API Call: GET /api/logs/levels/ (0.38ms)
2025-09-05 17:11:53,078 - api - INFO - API Call: GET /api/logs/categories/ (20.70ms)
2025-09-05 17:11:53,099 - api - INFO - API Call: GET /api/logs/ (78.30ms)
2025-09-05 17:11:53,120 - api - INFO - API Call: OPTIONS /api/logs/stats (0.30ms)
2025-09-05 17:11:53,140 - api - INFO - API Call: OPTIONS /api/logs/levels (0.23ms)
2025-09-05 17:11:53,161 - api - INFO - API Call: OPTIONS /api/logs/categories (0.45ms)
2025-09-05 17:11:53,182 - api - INFO - API Call: GET /api/logs/levels (0.26ms)
2025-09-05 17:11:53,221 - api - INFO - API Call: GET /api/logs/stats (60.00ms)
2025-09-05 17:11:53,242 - api - INFO - API Call: GET /api/logs/categories (21.58ms)
2025-09-05 17:11:59,077 - api - INFO - API Call: POST /api/v1/chat/ (0.24ms)
2025-09-05 17:12:07,138 - api - INFO - API Call: POST /api/auth/token (2.17ms)
2025-09-05 17:12:10,534 - api - INFO - API Call: POST /api/v1/chat/ (0.25ms)
2025-09-05 17:13:35,123 - api - INFO - API Call: GET /api/settings/ (2.65ms)
2025-09-05 17:13:35,183 - api - INFO - API Call: GET /api/v1/ai/config (1.74ms)
2025-09-05 17:13:35,239 - api - INFO - API Call: GET /api/voice-config/config (2.13ms)
2025-09-05 17:14:17,178 - api - INFO - API Call: POST /api/v1/ai/config (9.66ms)
2025-09-05 17:14:19,961 - api - INFO - API Call: PUT /api/settings/ (15.89ms)
2025-09-05 17:14:23,028 - api - INFO - API Call: POST /api/smart-reservation/test-ai (1027.01ms)
2025-09-05 17:18:27,218 - api - INFO - API Call: GET /api/v1/reservations/ (0.23ms)
2025-09-05 17:18:27,265 - api - INFO - API Call: GET /api/v1/reservations/ (0.22ms)
2025-09-05 17:18:29,193 - api - INFO - API Call: GET /api/notifications/ (2.01ms)
2025-09-05 17:18:29,240 - api - INFO - API Call: GET /api/notifications/ (3.45ms)
2025-09-05 17:18:29,261 - api - INFO - API Call: GET /api/notifications/unread-count (23.38ms)
2025-09-05 17:18:29,284 - api - INFO - API Call: GET /api/notifications/stats (1.86ms)
2025-09-05 17:18:30,416 - api - INFO - API Call: GET /api/reports/quick-stats (61.60ms)
2025-09-05 17:18:30,437 - api - INFO - API Call: GET /api/reports/statistics (81.01ms)
2025-09-05 17:18:30,990 - api - INFO - API Call: GET /api/v1/reservations/ (0.23ms)
2025-09-05 17:18:31,038 - api - INFO - API Call: GET /api/v1/reservations/ (0.23ms)
2025-09-05 17:21:05,747 - api - INFO - API Call: GET /api/v1/reservations/ (21.67ms)
2025-09-05 17:21:17,319 - api - INFO - API Call: GET /api/v1/reservations/ (2.65ms)
